Log file open, 06/21/18 21:22:05
LogWindows: Failed to load 'aqProf.dll' (GetLastError=126)
LogWindows: File 'aqProf.dll' does not exist
LogWindows: Failed to load 'VtuneApi.dll' (GetLastError=126)
LogWindows: File 'VtuneApi.dll' does not exist
LogWindows: Failed to load 'VtuneApi32e.dll' (GetLastError=126)
LogWindows: File 'VtuneApi32e.dll' does not exist
LogInit: Display: Running engine for game: InfinityKingdom
LogPlatformFile: Not using cached read wrapper
LogInit: Display: RandInit(656278074) SRandInit(656278074).
LogInit: Read version file with build ID '3944462'
LogInit: Overriding engine version to CL 4033788, compatible CL 3944462
LogInit: Registered custom module enumerator with build ID '3944462'
LogTaskGraph: Started task graph with 5 named threads and 14 total threads with 3 sets of task threads.
LogStats: Stats thread started at 0.168466
LogD3D11RHI: Aftermath initialized
LogICUInternationalization: Display: ICU TimeZone Detection - Raw Offset: +1:00, Platform Override: ''
LogModuleManager: Display: Found up-to-date module file ../../../Engine/Plugins/2D/Paper2D/Binaries/Win64/UE4Editor-Paper2D.dll (API version 3944462).
LogModuleManager: Display: Found up-to-date module file ../../../Engine/Plugins/2D/Paper2D/Binaries/Win64/UE4Editor-Paper2DEditor.dll (API version 3944462).
LogModuleManager: Display: Found up-to-date module file ../../../Engine/Plugins/2D/Paper2D/Binaries/Win64/UE4Editor-PaperSpriteSheetImporter.dll (API version 3944462).
LogModuleManager: Display: Found up-to-date module file ../../../Engine/Plugins/2D/Paper2D/Binaries/Win64/UE4Editor-PaperTiledImporter.dll (API version 3944462).
LogModuleManager: Display: Found up-to-date module file ../../../Engine/Plugins/2D/Paper2D/Binaries/Win64/UE4Editor-SmartSnapping.dll (API version 3944462).
LogModuleManager: Display: Found up-to-date module file ../../../Engine/Plugins/Blendables/LightPropagationVolume/Binaries/Win64/UE4Editor-LightPropagationVolumeRuntime.dll (API version 3944462).
LogModuleManager: Display: Found up-to-date module file ../../../Engine/Plugins/Blendables/LightPropagationVolume/Binaries/Win64/UE4Editor-LightPropagationVolumeEditor.dll (API version 3944462).
LogModuleManager: Display: Found up-to-date module file ../../../Engine/Plugins/Developer/CLionSourceCodeAccess/Binaries/Win64/UE4Editor-CLionSourceCodeAccess.dll (API version 3944462).
LogModuleManager: Display: Found up-to-date module file ../../../Engine/Plugins/Developer/GitSourceControl/Binaries/Win64/UE4Editor-GitSourceControl.dll (API version 3944462).
LogModuleManager: Display: Found up-to-date module file ../../../Engine/Plugins/Developer/PerforceSourceControl/Binaries/Win64/UE4Editor-PerforceSourceControl.dll (API version 3944462).
LogModuleManager: Display: Found up-to-date module file ../../../Engine/Plugins/Developer/SubversionSourceControl/Binaries/Win64/UE4Editor-SubversionSourceControl.dll (API version 3944462).
LogModuleManager: Display: Found up-to-date module file ../../../Engine/Plugins/Developer/UObjectPlugin/Binaries/Win64/UE4Editor-UObjectPlugin.dll (API version 3944462).
LogModuleManager: Display: Found up-to-date module file ../../../Engine/Plugins/Developer/VisualStudioCodeSourceCodeAccess/Binaries/Win64/UE4Editor-VisualStudioCodeSourceCodeAccess.dll (API version 3944462).
LogModuleManager: Display: Found up-to-date module file ../../../Engine/Plugins/Developer/VisualStudioSourceCodeAccess/Binaries/Win64/UE4Editor-VisualStudioSourceCodeAccess.dll (API version 3944462).
LogModuleManager: Display: Found up-to-date module file ../../../Engine/Plugins/Editor/AssetManagerEditor/Binaries/Win64/UE4Editor-AssetManagerEditor.dll (API version 3944462).
LogModuleManager: Display: Found up-to-date module file ../../../Engine/Plugins/Editor/CryptoKeys/Binaries/Win64/UE4Editor-CryptoKeys.dll (API version 3944462).
LogModuleManager: Display: Found up-to-date module file ../../../Engine/Plugins/Editor/CryptoKeys/Binaries/Win64/UE4Editor-CryptoKeysOpenSSL.dll (API version 3944462).
LogModuleManager: Display: Found up-to-date module file ../../../Engine/Plugins/Editor/DataValidation/Binaries/Win64/UE4Editor-DataValidation.dll (API version 3944462).
LogModuleManager: Display: Found up-to-date module file ../../../Engine/Plugins/Editor/FacialAnimation/Binaries/Win64/UE4Editor-FacialAnimation.dll (API version 3944462).
LogModuleManager: Display: Found up-to-date module file ../../../Engine/Plugins/Editor/FacialAnimation/Binaries/Win64/UE4Editor-FacialAnimationEditor.dll (API version 3944462).
LogModuleManager: Display: Found up-to-date module file ../../../Engine/Plugins/Editor/GameplayTagsEditor/Binaries/Win64/UE4Editor-GameplayTagsEditor.dll (API version 3944462).
LogModuleManager: Display: Found up-to-date module file ../../../Engine/Plugins/Editor/MobileLauncherProfileWizard/Binaries/Win64/UE4Editor-MobileLauncherProfileWizard.dll (API version 3944462).
LogModuleManager: Display: Found up-to-date module file ../../../Engine/Plugins/Editor/PluginBrowser/Binaries/Win64/UE4Editor-PluginBrowser.dll (API version 3944462).
LogModuleManager: Display: Found up-to-date module file ../../../Engine/Plugins/Editor/SpeedTreeImporter/Binaries/Win64/UE4Editor-SpeedTreeImporter.dll (API version 3944462).
LogModuleManager: Display: Found up-to-date module file ../../../Engine/Plugins/Enterprise/DatasmithContent/Binaries/Win64/UE4Editor-DatasmithContent.dll (API version 3944462).
LogModuleManager: Display: Found up-to-date module file ../../../Engine/Plugins/Experimental/AlembicImporter/Binaries/Win64/UE4Editor-AlembicImporter.dll (API version 3944462).
LogModuleManager: Display: Found up-to-date module file ../../../Engine/Plugins/Experimental/AlembicImporter/Binaries/Win64/UE4Editor-AlembicLibrary.dll (API version 3944462).
LogModuleManager: Display: Found up-to-date module file ../../../Engine/Plugins/Experimental/CharacterAI/Binaries/Win64/UE4Editor-CharacterAI.dll (API version 3944462).
LogModuleManager: Display: Found up-to-date module file ../../../Engine/Plugins/Experimental/HTML5Networking/Binaries/Win64/UE4Editor-HTML5Networking.dll (API version 3944462).
LogModuleManager: Display: Found up-to-date module file ../../../Engine/Plugins/Media/AndroidMedia/Binaries/Win64/UE4Editor-AndroidMediaEditor.dll (API version 3944462).
LogModuleManager: Display: Found up-to-date module file ../../../Engine/Plugins/Media/AndroidMedia/Binaries/Win64/UE4Editor-AndroidMediaFactory.dll (API version 3944462).
LogModuleManager: Display: Found up-to-date module file ../../../Engine/Plugins/Media/AvfMedia/Binaries/Win64/UE4Editor-AvfMediaEditor.dll (API version 3944462).
LogModuleManager: Display: Found up-to-date module file ../../../Engine/Plugins/Media/AvfMedia/Binaries/Win64/UE4Editor-AvfMediaFactory.dll (API version 3944462).
LogModuleManager: Display: Found up-to-date module file ../../../Engine/Plugins/Media/AvfMedia/Binaries/Win64/UE4Editor-AvfMediaFactory.dll (API version 3944462).
LogModuleManager: Display: Found up-to-date module file ../../../Engine/Plugins/Media/ImgMedia/Binaries/Win64/UE4Editor-ImgMedia.dll (API version 3944462).
LogModuleManager: Display: Found up-to-date module file ../../../Engine/Plugins/Media/ImgMedia/Binaries/Win64/UE4Editor-ImgMediaEditor.dll (API version 3944462).
LogModuleManager: Display: Found up-to-date module file ../../../Engine/Plugins/Media/ImgMedia/Binaries/Win64/UE4Editor-ImgMediaFactory.dll (API version 3944462).
LogModuleManager: Display: Found up-to-date module file ../../../Engine/Plugins/Media/ImgMedia/Binaries/Win64/UE4Editor-ImgMediaFactory.dll (API version 3944462).
LogModuleManager: Display: Found up-to-date module file ../../../Engine/Plugins/Media/ImgMedia/Binaries/Win64/UE4Editor-OpenExrWrapper.dll (API version 3944462).
LogModuleManager: Display: Found up-to-date module file ../../../Engine/Plugins/Media/LinearTimecode/Binaries/Win64/UE4Editor-LinearTimecode.dll (API version 3944462).
LogModuleManager: Display: Found up-to-date module file ../../../Engine/Plugins/Media/MediaCompositing/Binaries/Win64/UE4Editor-MediaCompositing.dll (API version 3944462).
LogModuleManager: Display: Found up-to-date module file ../../../Engine/Plugins/Media/MediaCompositing/Binaries/Win64/UE4Editor-MediaCompositingEditor.dll (API version 3944462).
LogModuleManager: Display: Found up-to-date module file ../../../Engine/Plugins/Media/MediaPlayerEditor/Binaries/Win64/UE4Editor-MediaPlayerEditor.dll (API version 3944462).
LogModuleManager: Display: Found up-to-date module file ../../../Engine/Plugins/Media/WmfMedia/Binaries/Win64/UE4Editor-WmfMedia.dll (API version 3944462).
LogModuleManager: Display: Found up-to-date module file ../../../Engine/Plugins/Media/WmfMedia/Binaries/Win64/UE4Editor-WmfMediaEditor.dll (API version 3944462).
LogModuleManager: Display: Found up-to-date module file ../../../Engine/Plugins/Media/WmfMedia/Binaries/Win64/UE4Editor-WmfMediaFactory.dll (API version 3944462).
LogModuleManager: Display: Found up-to-date module file ../../../Engine/Plugins/Media/WmfMedia/Binaries/Win64/UE4Editor-WmfMediaFactory.dll (API version 3944462).
LogModuleManager: Display: Found up-to-date module file ../../../Engine/Plugins/Messaging/TcpMessaging/Binaries/Win64/UE4Editor-TcpMessaging.dll (API version 3944462).
LogModuleManager: Display: Found up-to-date module file ../../../Engine/Plugins/Messaging/UdpMessaging/Binaries/Win64/UE4Editor-UdpMessaging.dll (API version 3944462).
LogModuleManager: Display: Found up-to-date module file ../../../Engine/Plugins/MovieScene/ActorSequence/Binaries/Win64/UE4Editor-ActorSequence.dll (API version 3944462).
LogModuleManager: Display: Found up-to-date module file ../../../Engine/Plugins/MovieScene/LevelSequenceEditor/Binaries/Win64/UE4Editor-LevelSequenceEditor.dll (API version 3944462).
LogModuleManager: Display: Found up-to-date module file ../../../Engine/Plugins/MovieScene/MatineeToLevelSequence/Binaries/Win64/UE4Editor-MatineeToLevelSequence.dll (API version 3944462).
LogModuleManager: Display: Found up-to-date module file ../../../Engine/Plugins/NetcodeUnitTest/NetcodeUnitTest/Binaries/Win64/UE4Editor-NetcodeUnitTest.dll (API version 3944462).
LogModuleManager: Display: Found up-to-date module file ../../../Engine/Plugins/NetcodeUnitTest/NUTUnrealEngine4/Binaries/Win64/UE4Editor-NUTUnrealEngine4.dll (API version 3944462).
LogModuleManager: Display: Found up-to-date module file ../../../Engine/Plugins/Online/OnlineSubsystem/Binaries/Win64/UE4Editor-OnlineSubsystem.dll (API version 3944462).
LogModuleManager: Display: Found up-to-date module file ../../../Engine/Plugins/Runtime/AndroidPermission/Binaries/Win64/UE4Editor-AndroidPermission.dll (API version 3944462).
LogModuleManager: Display: Found up-to-date module file ../../../Engine/Plugins/Online/OnlineSubsystemNull/Binaries/Win64/UE4Editor-OnlineSubsystemNull.dll (API version 3944462).
LogModuleManager: Display: Found up-to-date module file ../../../Engine/Plugins/Online/OnlineSubsystemUtils/Binaries/Win64/UE4Editor-OnlineSubsystemUtils.dll (API version 3944462).
LogModuleManager: Display: Found up-to-date module file ../../../Engine/Plugins/Online/OnlineSubsystemUtils/Binaries/Win64/UE4Editor-OnlineBlueprintSupport.dll (API version 3944462).
LogModuleManager: Display: Found up-to-date module file ../../../Engine/Plugins/Runtime/AndroidDeviceProfileSelector/Binaries/Win64/UE4Editor-AndroidDeviceProfileSelector.dll (API version 3944462).
LogModuleManager: Display: Found up-to-date module file ../../../Engine/Plugins/Runtime/AppleARKit/Binaries/Win64/UE4Editor-AppleARKit.dll (API version 3944462).
LogModuleManager: Display: Found up-to-date module file ../../../Engine/Plugins/Runtime/ProceduralMeshComponent/Binaries/Win64/UE4Editor-ProceduralMeshComponent.dll (API version 3944462).
LogModuleManager: Display: Found up-to-date module file ../../../Engine/Plugins/Runtime/ProceduralMeshComponent/Binaries/Win64/UE4Editor-ProceduralMeshComponentEditor.dll (API version 3944462).
LogModuleManager: Display: Found up-to-date module file ../../../Engine/Plugins/Animation/LiveLink/Binaries/Win64/UE4Editor-LiveLink.dll (API version 3944462).
LogModuleManager: Display: Found up-to-date module file ../../../Engine/Plugins/Animation/LiveLink/Binaries/Win64/UE4Editor-LiveLinkEditor.dll (API version 3944462).
LogModuleManager: Display: Found up-to-date module file ../../../Engine/Plugins/Runtime/ArchVisCharacter/Binaries/Win64/UE4Editor-ArchVisCharacter.dll (API version 3944462).
LogModuleManager: Display: Found up-to-date module file ../../../Engine/Plugins/Runtime/AudioCapture/Binaries/Win64/UE4Editor-AudioCapture.dll (API version 3944462).
LogModuleManager: Display: Found up-to-date module file ../../../Engine/Plugins/Runtime/AudioCapture/Binaries/Win64/UE4Editor-AudioCaptureEditor.dll (API version 3944462).
LogModuleManager: Display: Found up-to-date module file ../../../Engine/Plugins/Runtime/CableComponent/Binaries/Win64/UE4Editor-CableComponent.dll (API version 3944462).
LogModuleManager: Display: Found up-to-date module file ../../../Engine/Plugins/Runtime/CustomMeshComponent/Binaries/Win64/UE4Editor-CustomMeshComponent.dll (API version 3944462).
LogModuleManager: Display: Found up-to-date module file ../../../Engine/Plugins/Runtime/ExampleDeviceProfileSelector/Binaries/Win64/UE4Editor-ExampleDeviceProfileSelector.dll (API version 3944462).
LogModuleManager: Display: Found up-to-date module file ../../../Engine/Plugins/Runtime/ImmediatePhysics/Binaries/Win64/UE4Editor-ImmediatePhysics.dll (API version 3944462).
LogModuleManager: Display: Found up-to-date module file ../../../Engine/Plugins/Runtime/ImmediatePhysics/Binaries/Win64/UE4Editor-ImmediatePhysicsEditor.dll (API version 3944462).
LogModuleManager: Display: Found up-to-date module file ../../../Engine/Plugins/Runtime/LocationServicesBPLibrary/Binaries/Win64/UE4Editor-LocationServicesBPLibrary.dll (API version 3944462).
LogModuleManager: Display: Found up-to-date module file ../../../Engine/Plugins/Runtime/MobilePatchingUtils/Binaries/Win64/UE4Editor-MobilePatchingUtils.dll (API version 3944462).
LogModuleManager: Display: Found up-to-date module file ../../../Engine/Plugins/Runtime/Oculus/OculusVR/Binaries/Win64/UE4Editor-OculusHMD.dll (API version 3944462).
LogModuleManager: Display: Found up-to-date module file ../../../Engine/Plugins/Runtime/Oculus/OculusVR/Binaries/Win64/UE4Editor-OculusInput.dll (API version 3944462).
LogModuleManager: Display: Found up-to-date module file ../../../Engine/Plugins/Runtime/Oculus/OculusVR/Binaries/Win64/UE4Editor-OculusEditor.dll (API version 3944462).
LogModuleManager: Display: Found up-to-date module file ../../../Engine/Plugins/Runtime/PhysXVehicles/Binaries/Win64/UE4Editor-PhysXVehicles.dll (API version 3944462).
LogModuleManager: Display: Found up-to-date module file ../../../Engine/Plugins/Runtime/PhysXVehicles/Binaries/Win64/UE4Editor-PhysXVehiclesEditor.dll (API version 3944462).
LogModuleManager: Display: Found up-to-date module file ../../../Engine/Plugins/Runtime/RuntimePhysXCooking/Binaries/Win64/UE4Editor-RuntimePhysXCooking.dll (API version 3944462).
LogModuleManager: Display: Found up-to-date module file ../../../Engine/Plugins/Runtime/Steam/SteamVR/Binaries/Win64/UE4Editor-SteamVR.dll (API version 3944462).
LogModuleManager: Display: Found up-to-date module file ../../../Engine/Plugins/Runtime/Steam/SteamVR/Binaries/Win64/UE4Editor-SteamVRController.dll (API version 3944462).
LogModuleManager: Display: Found up-to-date module file ../../../Engine/Plugins/Runtime/WindowsMoviePlayer/Binaries/Win64/UE4Editor-WindowsMoviePlayer.dll (API version 3944462).
LogPluginManager: Mounting plugin Paper2D
LogPluginManager: Mounting plugin LiveLink
LogPluginManager: Mounting plugin LightPropagationVolume
LogPluginManager: Mounting plugin CLionSourceCodeAccess
LogPluginManager: Mounting plugin CodeLiteSourceCodeAccess
LogPluginManager: Mounting plugin GitSourceControl
LogPluginManager: Mounting plugin KDevelopSourceCodeAccess
LogPluginManager: Mounting plugin NullSourceCodeAccess
LogPluginManager: Mounting plugin PerforceSourceControl
LogPluginManager: Mounting plugin SubversionSourceControl
LogPluginManager: Mounting plugin UObjectPlugin
LogPluginManager: Mounting plugin VisualStudioCodeSourceCodeAccess
LogPluginManager: Mounting plugin VisualStudioSourceCodeAccess
LogPluginManager: Mounting plugin XCodeSourceCodeAccess
LogPluginManager: Mounting plugin AssetManagerEditor
LogPluginManager: Mounting plugin CryptoKeys
LogPluginManager: Mounting plugin DataValidation
LogPluginManager: Mounting plugin FacialAnimation
LogPluginManager: Mounting plugin GameplayTagsEditor
LogPluginManager: Mounting plugin MobileLauncherProfileWizard
LogPluginManager: Mounting plugin PluginBrowser
LogPluginManager: Mounting plugin SpeedTreeImporter
LogPluginManager: Mounting plugin DatasmithContent
LogPluginManager: Mounting plugin AlembicImporter
LogPluginManager: Mounting plugin CharacterAI
LogPluginManager: Mounting plugin HTML5Networking
LogPluginManager: Mounting plugin AndroidMedia
LogPluginManager: Mounting plugin AvfMedia
LogPluginManager: Mounting plugin ImgMedia
LogPluginManager: Mounting plugin LinearTimecode
LogPluginManager: Mounting plugin MediaCompositing
LogPluginManager: Mounting plugin MediaPlayerEditor
LogPluginManager: Mounting plugin WmfMedia
LogPluginManager: Mounting plugin TcpMessaging
LogPluginManager: Mounting plugin UdpMessaging
LogPluginManager: Mounting plugin ActorSequence
LogPluginManager: Mounting plugin LevelSequenceEditor
LogPluginManager: Mounting plugin MatineeToLevelSequence
LogPluginManager: Mounting plugin NetcodeUnitTest
LogPluginManager: Mounting plugin NUTUnrealEngine4
LogPluginManager: Mounting plugin OnlineSubsystemGooglePlay
LogPluginManager: Mounting plugin OnlineSubsystemIOS
LogPluginManager: Mounting plugin OnlineSubsystem
LogPluginManager: Mounting plugin OnlineSubsystemNull
LogPluginManager: Mounting plugin OnlineSubsystemUtils
LogPluginManager: Mounting plugin AndroidDeviceProfileSelector
LogPluginManager: Mounting plugin AndroidMoviePlayer
LogPluginManager: Mounting plugin AndroidPermission
LogPluginManager: Mounting plugin AppleARKit
LogPluginManager: Mounting plugin AppleMoviePlayer
LogPluginManager: Mounting plugin ArchVisCharacter
LogPluginManager: Mounting plugin AudioCapture
LogPluginManager: Mounting plugin CableComponent
LogPluginManager: Mounting plugin CustomMeshComponent
LogPluginManager: Mounting plugin ExampleDeviceProfileSelector
LogPluginManager: Mounting plugin GoogleCloudMessaging
LogPluginManager: Mounting plugin ImmediatePhysics
LogPluginManager: Mounting plugin IOSDeviceProfileSelector
LogPluginManager: Mounting plugin LinuxDeviceProfileSelector
LogPluginManager: Mounting plugin LocationServicesBPLibrary
LogPluginManager: Mounting plugin MobilePatchingUtils
LogPluginManager: Mounting plugin OculusVR
LogPluginManager: Plugin shader directory ../../../Engine/Plugins/Runtime/Oculus/OculusVR/Shaders found
LogPluginManager: Mapping shader source directory ../../../Engine/Plugins/Runtime/Oculus/OculusVR/Shaders to virtual directory /Plugin/OculusVR
LogPluginManager: Mounting plugin PhysXVehicles
LogPluginManager: Mounting plugin ProceduralMeshComponent
LogPluginManager: Mounting plugin RuntimePhysXCooking
LogPluginManager: Mounting plugin SteamVR
LogPluginManager: Mounting plugin WindowsMoviePlayer
LogStreaming: Display: Took  0.815s to configure plugins.
LogInit: Using libcurl 7.47.1
LogInit:  - built for x86_64-pc-win32
LogInit:  - supports SSL with OpenSSL/1.0.2g
LogInit:  - supports HTTP deflate (compression) using libz 1.2.8
LogInit:  - other features:
LogInit:      CURL_VERSION_SSL
LogInit:      CURL_VERSION_LIBZ
LogInit:      CURL_VERSION_IPV6
LogInit:      CURL_VERSION_ASYNCHDNS
LogInit:      CURL_VERSION_LARGEFILE
LogInit:      CURL_VERSION_IDN
LogInit:  CurlRequestOptions (configurable via config and command line):
LogInit:  - bVerifyPeer = false  - Libcurl will NOT verify peer certificate
LogInit:  - bUseHttpProxy = false  - Libcurl will NOT use HTTP proxy
LogInit:  - bDontReuseConnections = false  - Libcurl will reuse connections
LogInit:  - CertBundlePath = nullptr  - Libcurl will use whatever was configured at build time.
LogInit:  - MaxHostConnections = 16  - Libcurl will limit the number of connections to a host
LogInit:  - LocalHostAddr = Default
LogInit: WinSock: version 1.1 (2.2), MaxSocks=32767, MaxUdp=65467
LogInit: WinSock: I am DESKTOP-CSP5L53 (192.168.0.27:0)
LogInit: Build: ++UE4+Release-4.19-CL-4033788
LogInit: Engine Version: 4.19.2-4033788+++UE4+Release-4.19
LogInit: Compatible Engine Version: 4.19.0-3944462+++UE4+Release-4.19
LogInit: Net CL: 3944462
LogDevObjectVersion: Number of dev versions registered: 18
LogDevObjectVersion:   Dev-Blueprints (B0D832E4-1F89-4F0D-ACCF-7EB736FD4AA2): 10
LogDevObjectVersion:   Dev-Build (E1C64328-A22C-4D53-A36C-8E866417BD8C): 0
LogDevObjectVersion:   Dev-Core (375EC13C-06E4-48FB-B500-84F0262A717E): 2
LogDevObjectVersion:   Dev-Editor (E4B068ED-F494-42E9-A231-DA0B2E46BB41): 23
LogDevObjectVersion:   Dev-Framework (CFFC743F-43B0-4480-9391-14DF171D2073): 33
LogDevObjectVersion:   Dev-Mobile (B02B49B5-BB20-44E9-A304-32B752E40360): 2
LogDevObjectVersion:   Dev-Networking (A4E4105C-59A1-49B5-A7C5-40C4547EDFEE): 0
LogDevObjectVersion:   Dev-Online (39C831C9-5AE6-47DC-9A44-9C173E1C8E7C): 0
LogDevObjectVersion:   Dev-Physics (78F01B33-EBEA-4F98-B9B4-84EACCB95AA2): 0
LogDevObjectVersion:   Dev-Platform (6631380F-2D4D-43E0-8009-CF276956A95A): 0
LogDevObjectVersion:   Dev-Rendering (12F88B9F-8875-4AFC-A67C-D90C383ABD29): 25
LogDevObjectVersion:   Dev-Sequencer (7B5AE74C-D270-4C10-A958-57980B212A5A): 6
LogDevObjectVersion:   Dev-VR (D7296918-1DD6-4BDD-9DE2-64A83CC13884): 1
LogDevObjectVersion:   Dev-LoadTimes (C2A15278-BFE7-4AFE-6C17-90FF531DF755): 1
LogDevObjectVersion:   Private-Geometry (6EACA3D4-40EC-4CC1-B786-8BED09428FC5): 2
LogDevObjectVersion:   Dev-AnimPhys (29E575DD-E0A3-4627-9D10-D276232CDCEA): 16
LogDevObjectVersion:   Dev-ReflectionCapture (6B266CEC-1EC7-4B8F-A30B-E4D90942FC07): 1
LogDevObjectVersion:   Dev-Automation (0DF73D61-A23F-47EA-B727-89E90C41499A): 1
LogInit: Compiled (64-bit): Apr 27 2018 02:06:57
LogInit: Compiled with Visual C++: 19.00.24215.01
LogInit: Build Configuration: Development
LogInit: Branch Name: ++UE4+Release-4.19
LogInit: Command Line: -EpicPortal 
LogInit: Base Directory: d:/Program Files/Epic Games/UE_4.19/Engine/Binaries/Win64/
LogInit: Installed Engine Build: 1
LogStreaming: Display: Took  0.002s to delete old logs.
LogInit: Presizing for max 8388607 objects, including 0 objects not considered by GC, pre-allocating 0 bytes for permanent pool.
LogInit: Object subsystem initialized
[2018.06.21-19.22.06:516][  0]LogInit: Selected Device Profile: [Windows]
[2018.06.21-19.22.06:516][  0]LogInit: Applying CVar settings loaded from the selected device profile: [Windows]
[2018.06.21-19.22.06:529][  0]LogInit: Computer: DESKTOP-CSP5L53
[2018.06.21-19.22.06:529][  0]LogInit: User: ad515
[2018.06.21-19.22.06:529][  0]LogInit: CPU Page size=4096, Cores=4
[2018.06.21-19.22.06:529][  0]LogInit: High frequency timer resolution =3.222668 MHz
[2018.06.21-19.22.06:529][  0]LogMemory: Memory total: Physical=15.9GB (16GB approx)
[2018.06.21-19.22.06:529][  0]LogMemory: Platform Memory Stats for Windows
[2018.06.21-19.22.06:529][  0]LogMemory: Process Physical Memory: 274.28 MB used, 274.28 MB peak
[2018.06.21-19.22.06:529][  0]LogMemory: Process Virtual Memory: 271.06 MB used, 271.06 MB peak
[2018.06.21-19.22.06:529][  0]LogMemory: Physical Memory: 5271.51 MB used,  11040.45 MB free, 16311.95 MB total
[2018.06.21-19.22.06:529][  0]LogMemory: Virtual Memory: 4785.14 MB used,  11040.45 MB free, 134217728.00 MB total
[2018.06.21-19.22.06:541][  0]LogInit: Using OS detected language (fr-FR).
[2018.06.21-19.22.06:541][  0]LogInit: Using OS detected locale (fr-FR).
[2018.06.21-19.22.06:543][  0]LogTextLocalizationManager: No localization for 'fr-FR' exists, so 'en' will be used for the language.
[2018.06.21-19.22.06:969][  0]LogStreaming: Display: Took  0.428s to EndInitTextLocalization.
[2018.06.21-19.22.06:969][  0]LogInit: Setting process to per monitor DPI aware
[2018.06.21-19.22.06:985][  0]LogSlate: New Slate User Created.  User Index 0, Is Virtual User: 0
[2018.06.21-19.22.06:985][  0]LogSlate: Slate User Registered.  User Index 0, Is Virtual User: 0
[2018.06.21-19.22.07:143][  0]LogD3D11RHI: D3D11 adapters:
[2018.06.21-19.22.07:183][  0]LogD3D11RHI:    0. 'NVIDIA GeForce GTX 760' (Feature Level 11_0)
[2018.06.21-19.22.07:183][  0]LogD3D11RHI:       2017/0/8155 MB DedicatedVideo/DedicatedSystem/SharedSystem, Outputs:2, VendorId:0x10de
[2018.06.21-19.22.07:185][  0]LogD3D11RHI:    1. 'Microsoft Basic Render Driver' (Feature Level 11_0)
[2018.06.21-19.22.07:185][  0]LogD3D11RHI:       0/0/8155 MB DedicatedVideo/DedicatedSystem/SharedSystem, Outputs:0, VendorId:0x1414
[2018.06.21-19.22.07:185][  0]LogD3D11RHI: Chosen D3D11 Adapter: 0
[2018.06.21-19.22.07:190][  0]LogD3D11RHI: Creating new Direct3DDevice
[2018.06.21-19.22.07:190][  0]LogD3D11RHI:     GPU DeviceId: 0x1187 (for the marketing name, search the web for "GPU Device Id")
[2018.06.21-19.22.07:190][  0]LogWindows: EnumDisplayDevices:
[2018.06.21-19.22.07:190][  0]LogWindows:    0. 'NVIDIA GeForce GTX 760' (P:1 D:1)
[2018.06.21-19.22.07:190][  0]LogWindows:    1. 'NVIDIA GeForce GTX 760' (P:0 D:1)
[2018.06.21-19.22.07:190][  0]LogWindows:    2. 'NVIDIA GeForce GTX 760' (P:0 D:0)
[2018.06.21-19.22.07:190][  0]LogWindows:    3. 'NVIDIA GeForce GTX 760' (P:0 D:0)
[2018.06.21-19.22.07:190][  0]LogWindows: DebugString: GetVideoDriverDetailsInvalid PrimaryIsNotTheChoosenAdapter GetVideoDriverDetailsInvalid PrimaryIsNotTheChoosenAdapter GetVideoDriverDetailsInvalid PrimaryIsNotTheChoosenAdapter GetVideoDriverDetailsInvalid PrimaryIsNotTheChoosenAdapter FoundDriverCount:0 
[2018.06.21-19.22.07:190][  0]LogD3D11RHI:     Adapter Name: NVIDIA GeForce GTX 760
[2018.06.21-19.22.07:190][  0]LogD3D11RHI:   Driver Version: Unknown (internal:Unknown, unified:Unknown)
[2018.06.21-19.22.07:190][  0]LogD3D11RHI:      Driver Date: Unknown
[2018.06.21-19.22.07:190][  0]LogRHI: Texture pool is 1412 MB (70% of 2017 MB)
[2018.06.21-19.22.07:215][  0]LogD3D11RHI: [Aftermath] Aftermath enabled but failed to initialize
[2018.06.21-19.22.07:215][  0]LogD3D11RHI: [Aftermath] Aftermath enabled and primed
[2018.06.21-19.22.07:215][  0]LogD3D11RHI: Async texture creation enabled
[2018.06.21-19.22.07:232][  0]LogD3D11RHI: GPU Timing Frequency: 1000.000000 (Debug: 2 2)
[2018.06.21-19.22.07:234][  0]LogShaderCompilers: Guid format shader working directory is -10 characters bigger than the processId version (C:/Users/ad515/Documents/Unreal Projects/InfinityKingdom/Intermediate/Shaders/WorkingDirectory/4432/).
[2018.06.21-19.22.07:234][  0]LogShaderCompilers: Cleaned the shader compiler working directory 'C:/Users/ad515/AppData/Local/Temp/UnrealShaderWorkingDir/307F98DE4DD6BFA0E19E28AEC996CF11/'.
[2018.06.21-19.22.07:401][  0]LogTemp: Display: Loaded TP AllDesktopTargetPlatform
[2018.06.21-19.22.07:414][  0]LogTemp: Display: Loaded TP MacClientTargetPlatform
[2018.06.21-19.22.07:427][  0]LogTemp: Display: Loaded TP MacNoEditorTargetPlatform
[2018.06.21-19.22.07:440][  0]LogTemp: Display: Loaded TP MacServerTargetPlatform
[2018.06.21-19.22.07:453][  0]LogTemp: Display: Loaded TP MacTargetPlatform
[2018.06.21-19.22.07:466][  0]LogTemp: Display: Loaded TP WindowsClientTargetPlatform
[2018.06.21-19.22.07:478][  0]LogTemp: Display: Loaded TP WindowsNoEditorTargetPlatform
[2018.06.21-19.22.07:492][  0]LogTemp: Display: Loaded TP WindowsServerTargetPlatform
[2018.06.21-19.22.07:498][  0]LogTemp: Display: Loaded TP WindowsTargetPlatform
[2018.06.21-19.22.07:510][  0]LogTemp: Display: Loaded TP Android_ASTCTargetPlatform
[2018.06.21-19.22.07:522][  0]LogTemp: Display: Loaded TP Android_ATCTargetPlatform
[2018.06.21-19.22.07:534][  0]LogTemp: Display: Loaded TP Android_DXTTargetPlatform
[2018.06.21-19.22.07:545][  0]LogTemp: Display: Loaded TP Android_ETC1aTargetPlatform
[2018.06.21-19.22.07:557][  0]LogTemp: Display: Loaded TP Android_ETC1TargetPlatform
[2018.06.21-19.22.07:569][  0]LogTemp: Display: Loaded TP Android_ETC2TargetPlatform
[2018.06.21-19.22.07:592][  0]LogTemp: Display: Loaded TP Android_MultiTargetPlatform
[2018.06.21-19.22.07:592][  0]LogTemp: Display: Loaded TP Android_PVRTCTargetPlatform
[2018.06.21-19.22.07:604][  0]LogTemp: Display: Loaded TP AndroidTargetPlatform
[2018.06.21-19.22.07:605][  0]LogTemp: Display: Loaded TP HTML5TargetPlatform
[2018.06.21-19.22.07:642][  0]LogTemp: Display: Loaded TP IOSTargetPlatform
[2018.06.21-19.22.07:653][  0]LogTemp: Display: Loaded TP TVOSTargetPlatform
[2018.06.21-19.22.07:665][  0]LogTemp: Display: Loaded TP LinuxClientTargetPlatform
[2018.06.21-19.22.07:676][  0]LogTemp: Display: Loaded TP LinuxNoEditorTargetPlatform
[2018.06.21-19.22.07:687][  0]LogTemp: Display: Loaded TP LinuxServerTargetPlatform
[2018.06.21-19.22.07:698][  0]LogTemp: Display: Loaded TP LinuxTargetPlatform
[2018.06.21-19.22.07:699][  0]LogTargetPlatformManager: Display: Building Assets For Windows
[2018.06.21-19.22.07:792][  0]LogXGEController: Cannot use XGE Controller as Incredibuild is not installed on this machine.
[2018.06.21-19.22.07:792][  0]LogShaderCompilers: Cannot use XGE Shader Compiler as Incredibuild is not installed on this machine.
[2018.06.21-19.22.07:792][  0]LogShaderCompilers: Display: Using Local Shader Compiler.
[2018.06.21-19.22.08:432][  0]LogDerivedDataCache: Display: Max Cache Size: 512 MB
[2018.06.21-19.22.08:496][  0]LogDerivedDataCache: Loaded boot cache 0.06s 74MB C:/Users/ad515/AppData/Local/UnrealEngine/4.19/DerivedDataCache/Boot.ddc.
[2018.06.21-19.22.08:496][  0]LogDerivedDataCache: Display: Loaded Boot cache: C:/Users/ad515/AppData/Local/UnrealEngine/4.19/DerivedDataCache/Boot.ddc
[2018.06.21-19.22.08:496][  0]LogDerivedDataCache: FDerivedDataBackendGraph:  Pak pak cache file C:/Users/ad515/Documents/Unreal Projects/InfinityKingdom/DerivedDataCache/DDC.ddp not found, will not use a pak cache.
[2018.06.21-19.22.08:496][  0]LogDerivedDataCache: Unable to find inner node Pak for hierarchical cache Hierarchy.
[2018.06.21-19.22.08:496][  0]LogDerivedDataCache: FDerivedDataBackendGraph:  CompressedPak pak cache file C:/Users/ad515/Documents/Unreal Projects/InfinityKingdom/DerivedDataCache/Compressed.ddp not found, will not use a pak cache.
[2018.06.21-19.22.08:496][  0]LogDerivedDataCache: Unable to find inner node CompressedPak for hierarchical cache Hierarchy.
[2018.06.21-19.22.08:512][  0]LogDerivedDataCache: Display: Pak cache opened for reading ../../../Engine/DerivedDataCache/Compressed.ddp.
[2018.06.21-19.22.08:524][  0]LogDerivedDataCache: Using Local data cache path C:/Users/ad515/AppData/Local/UnrealEngine/Common/DerivedDataCache: Writable
[2018.06.21-19.22.08:524][  0]LogDerivedDataCache: Shared data cache path not found in *engine.ini, will not use an Shared cache.
[2018.06.21-19.22.08:524][  0]LogDerivedDataCache: Unable to find inner node Shared for hierarchical cache Hierarchy.
[2018.06.21-19.22.08:535][  0]LogMaterial: Verifying Global Shaders for PCD3D_SM5
[2018.06.21-19.22.08:536][  0]LogSlate: Using Freetype 2.6.0
[2018.06.21-19.22.08:536][  0]LogSlate: SlateFontCache - WITH_FREETYPE: 1, WITH_HARFBUZZ: 1
[2018.06.21-19.22.08:536][  0]LogSlate: SlateFontCache - WITH_FREETYPE: 1, WITH_HARFBUZZ: 1
[2018.06.21-19.22.08:638][  0]LogAssetRegistry: FAssetRegistry took 0.0258 seconds to start up
[2018.06.21-19.22.08:923][  0]LogInit: Selected Device Profile: [Windows]
[2018.06.21-19.22.09:054][  0]LogSimplygon: Simplygon DLL not present - disabling.
[2018.06.21-19.22.09:056][  0]LogMeshReduction: Using SimplygonSwarm for distributed automatic mesh merging
[2018.06.21-19.22.09:056][  0]LogMeshReduction: Using QuadricMeshReduction for automatic static mesh reduction
[2018.06.21-19.22.09:056][  0]LogMeshReduction: No automatic skeletal mesh reduction module available
[2018.06.21-19.22.09:056][  0]LogMeshReduction: No automatic mesh merging module available
[2018.06.21-19.22.09:056][  0]LogMeshMerging: No automatic mesh merging module available
[2018.06.21-19.22.09:082][  0]LogNetVersion: InfinityKingdom , NetCL: 3944462, EngineNetVer: 2, GameNetVer: 0 (Checksum: 1678919756)
[2018.06.21-19.22.09:464][  0]LogPackageLocalizationCache: Processed 9 localized package path(s) for 1 prioritized culture(s) in 0.060773 seconds
[2018.06.21-19.22.09:470][  0]LogUObjectArray: 36728 objects as part of root set at end of initial load.
[2018.06.21-19.22.09:470][  0]LogUObjectAllocator: 7314312 out of 0 bytes used by permanent object pool.
[2018.06.21-19.22.09:470][  0]LogUObjectArray: CloseDisregardForGC: 0/0 objects in disregard for GC pool
[2018.06.21-19.22.10:885][  0]LogTcpMessaging: Initializing TcpMessaging bridge
[2018.06.21-19.22.10:910][  0]LogUdpMessaging: Initializing bridge on interface 0.0.0.0:0 to multicast group 230.0.0.1:6666.
[2018.06.21-19.22.11:188][  0]SourceControl: Source control is disabled
[2018.06.21-19.22.11:188][  0]SourceControl: Source control is disabled
[2018.06.21-19.22.11:201][  0]SourceControl: Source control is disabled
[2018.06.21-19.22.11:214][  0]SourceControl: Source control is disabled
[2018.06.21-19.22.11:599][  0]LogAndroidPermission: UAndroidPermissionCallbackProxy::GetInstance
[2018.06.21-19.22.11:696][  0]LogOcInput: OculusInput pre-init called
[2018.06.21-19.22.11:788][  0]LogEngine: Initializing Engine...
[2018.06.21-19.22.11:789][  0]LogHMD: Failed to initialize OpenVR with code 100
[2018.06.21-19.22.11:791][  0]LogStats: UGameplayTagsManager::ConstructGameplayTagTree: Construct from data asset -  0.000 s
[2018.06.21-19.22.11:791][  0]LogStats: UGameplayTagsManager::ConstructGameplayTagTree: GameplayTagTreeChangedEvent.Broadcast -  0.000 s
[2018.06.21-19.22.11:989][  0]LogAIModule: Creating AISystem for world Untitled
[2018.06.21-19.22.12:007][  0]LogInit: No audio devices found!
[2018.06.21-19.22.12:273][  0]LogDerivedDataCache: Saved boot cache 0.27s 74MB C:/Users/ad515/AppData/Local/UnrealEngine/4.19/DerivedDataCache/Boot.ddc.
[2018.06.21-19.22.12:284][  0]LogInit: Texture streaming: Enabled
[2018.06.21-19.22.12:298][  0]LogEngineSessionManager: EngineSessionManager initialized
[2018.06.21-19.22.12:309][  0]LogInit: Transaction tracking system initialized
[2018.06.21-19.22.12:328][  0]BlueprintLog: New page: Editor Load
[2018.06.21-19.22.12:389][  0]LocalizationService: Localization service is disabled
[2018.06.21-19.22.12:471][  0]LogConsoleResponse: Display: 
[2018.06.21-19.22.12:596][  0]LogCook: Display: Max memory allowance for cook 16384mb min free memory 0mb
[2018.06.21-19.22.12:596][  0]LogCook: Display: Mobile HDR setting 1
[2018.06.21-19.22.12:596][  0]LogGameplayTags: Display: UGameplayTagsManager::DoneAddingNativeTags. DelegateIsBound: 0
[2018.06.21-19.22.12:596][  0]LogStats: UGameplayTagsManager::ConstructGameplayTagTree: Construct from data asset -  0.000 s
[2018.06.21-19.22.12:596][  0]LogStats: UGameplayTagsManager::ConstructGameplayTagTree: GameplayTagTreeChangedEvent.Broadcast -  0.000 s
[2018.06.21-19.22.12:711][  0]LogFileCache: Scanning file cache for directory 'C:/Users/ad515/Documents/Unreal Projects/InfinityKingdom/Content/' took 0.02s
[2018.06.21-19.22.12:866][  0]SourceControl: Source control is disabled
[2018.06.21-19.22.12:866][  0]Cmd: MAP LOAD FILE="C:/Users/ad515/Documents/Unreal Projects/InfinityKingdom/Content/Maps/Menu_Main.umap" TEMPLATE=0 SHOWPROGRESS=1 FEATURELEVEL=3
[2018.06.21-19.22.12:866][  0]LightingResults: New page: Lighting Build
[2018.06.21-19.22.12:868][  0]MapCheck: New page: Map Check
[2018.06.21-19.22.12:868][  0]LightingResults: New page: Lighting Build
[2018.06.21-19.22.12:894][  0]LogUObjectGlobals: Created PersistentFrame Addr=0x000002a98d6ab498, Size=8, Default__Solo_Chooser_C Function /Game/UI/Solo_Chooser.Solo_Chooser_C:ExecuteUbergraph_Solo_Chooser
[2018.06.21-19.22.12:899][  0]LogUObjectGlobals: Destroyed PersistentFrame Addr=0x000002a98d6ab498, Size=8
[2018.06.21-19.22.12:899][  0]LogUObjectGlobals: Created PersistentFrame Addr=0x000002a98d6ab498, Size=8, Default__Solo_Chooser_C Function /Engine/Transient.REINST_Solo_Chooser_C_0:ExecuteUbergraph_Solo_Chooser
[2018.06.21-19.22.12:901][  0]LogUObjectGlobals: Created PersistentFrame Addr=0x000002a98d6ab160, Size=8, Default__Solo_Chooser_C Function /Game/UI/Solo_Chooser.Solo_Chooser_C:ExecuteUbergraph_Solo_Chooser
[2018.06.21-19.22.12:903][  0]LogUObjectGlobals: Created PersistentFrame Addr=0x000002a98d6a2800, Size=16, Default__Menu_World_Choose_C Function /Game/UI/Menu_World_Choose.Menu_World_Choose_C:ExecuteUbergraph_Menu_World_Choose
[2018.06.21-19.22.12:906][  0]LogUObjectGlobals: Destroyed PersistentFrame Addr=0x000002a98d6a2800, Size=16
[2018.06.21-19.22.12:906][  0]LogUObjectGlobals: Created PersistentFrame Addr=0x000002a98d6a2800, Size=16, Default__Menu_World_Choose_C Function /Engine/Transient.REINST_Menu_World_Choose_C_1:ExecuteUbergraph_Menu_World_Choose
[2018.06.21-19.22.12:907][  0]LogUObjectGlobals: Created PersistentFrame Addr=0x000002a98d6a30c0, Size=16, Default__Menu_World_Choose_C Function /Game/UI/Menu_World_Choose.Menu_World_Choose_C:ExecuteUbergraph_Menu_World_Choose
[2018.06.21-19.22.12:908][  0]LogUObjectGlobals: Created PersistentFrame Addr=0x000002a98d773538, Size=24, Default__Menu_Main_C Function /Game/UI/Menu_Main.Menu_Main_C:ExecuteUbergraph_Menu_Main
[2018.06.21-19.22.12:913][  0]LogUObjectGlobals: Destroyed PersistentFrame Addr=0x000002a98d773538, Size=24
[2018.06.21-19.22.12:913][  0]LogUObjectGlobals: Created PersistentFrame Addr=0x000002a98d773538, Size=24, Default__Menu_Main_C Function /Engine/Transient.REINST_Menu_Main_C_2:ExecuteUbergraph_Menu_Main
[2018.06.21-19.22.12:916][  0]LogUObjectGlobals: Created PersistentFrame Addr=0x000002a98d771d08, Size=24, Default__Menu_Main_C Function /Game/UI/Menu_Main.Menu_Main_C:ExecuteUbergraph_Menu_Main
[2018.06.21-19.22.12:917][  0]LogUObjectGlobals: Created PersistentFrame Addr=0x000002a98d773730, Size=24, Default__Menu_Main_C Function /Game/Maps/Menu_Main.Menu_Main_C:ExecuteUbergraph_Menu_Main
[2018.06.21-19.22.12:918][  0]LogUObjectGlobals: Destroyed PersistentFrame Addr=0x000002a98d773730, Size=24
[2018.06.21-19.22.12:918][  0]LogUObjectGlobals: Created PersistentFrame Addr=0x000002a98d773730, Size=24, Menu_Main_C_0 Function /Engine/Transient.REINST_Menu_Main_C_4:ExecuteUbergraph_Menu_Main
[2018.06.21-19.22.12:919][  0]LogUObjectGlobals: Created PersistentFrame Addr=0x000002a98d771b70, Size=24, Default__Menu_Main_C Function /Game/Maps/Menu_Main.Menu_Main_C:ExecuteUbergraph_Menu_Main
[2018.06.21-19.22.12:934][  0]LogAIModule: Creating AISystem for world Menu_Main
[2018.06.21-19.22.12:934][  0]LogEditorServer: Finished looking for orphan Actors (0.000 secs)
[2018.06.21-19.22.12:944][  0]LogUObjectGlobals: Destroyed PersistentFrame Addr=0x000002a98d6ab498, Size=8
[2018.06.21-19.22.12:944][  0]LogUObjectGlobals: Destroyed PersistentFrame Addr=0x000002a98d6a2800, Size=16
[2018.06.21-19.22.12:944][  0]LogUObjectGlobals: Destroyed PersistentFrame Addr=0x000002a98d773538, Size=24
[2018.06.21-19.22.12:944][  0]LogUObjectGlobals: Destroyed PersistentFrame Addr=0x000002a98d773730, Size=24
[2018.06.21-19.22.12:945][  0]Cmd: MAP CHECKDEP NOCLEARLOG
[2018.06.21-19.22.12:980][  0]MapCheck: Map check complete: 0 Error(s), 0 Warning(s), took 35,16ms to complete.
[2018.06.21-19.22.12:980][  0]LogFileHelpers: Loading map 'Menu_Main' took 0.114
[2018.06.21-19.22.13:242][  0]LogCollectionManager: Loaded 0 collections in 0.001520 seconds
[2018.06.21-19.22.13:283][  0]LogFileCache: Scanning file cache for directory 'C:/Users/ad515/Documents/Unreal Projects/InfinityKingdom/Saved/Collections/' took 0.01s
[2018.06.21-19.22.13:283][  0]LogFileCache: Scanning file cache for directory 'C:/Users/ad515/Documents/Unreal Projects/InfinityKingdom/Content/Developers/ad515/Collections/' took 0.01s
[2018.06.21-19.22.13:283][  0]LogFileCache: Scanning file cache for directory 'C:/Users/ad515/Documents/Unreal Projects/InfinityKingdom/Content/Collections/' took 0.01s
[2018.06.21-19.22.13:283][  0]LogCollectionManager: Rebuilt the GUID cache for 0 collections in 0.000000 seconds
[2018.06.21-19.22.13:292][  0]LogContentBrowser: Native class hierarchy populated in 0.0091 seconds. Added 2452 classes and 558 folders.
[2018.06.21-19.22.13:298][  0]LogContentBrowser: Native class hierarchy updated for 'WidgetCarousel' in 0.0002 seconds. Added 0 classes and 0 folders.
[2018.06.21-19.22.14:701][  0]LogContentBrowser: Native class hierarchy updated for 'AddContentDialog' in 0.0008 seconds. Added 0 classes and 0 folders.
[2018.06.21-19.22.14:715][  0]LogContentBrowser: Native class hierarchy updated for 'SceneOutliner' in 0.0008 seconds. Added 1 classes and 2 folders.
[2018.06.21-19.22.14:767][  0]LogSlate: Took 0.000340 seconds to synchronously load lazily loaded font '../../../Engine/Content/Slate/Fonts/Roboto-Regular.ttf' (155K)
[2018.06.21-19.22.14:771][  0]LogSlate: Took 0.000325 seconds to synchronously load lazily loaded font '../../../Engine/Content/Slate/Fonts/Roboto-Bold.ttf' (160K)
[2018.06.21-19.22.14:797][  0]LogSlate: Took 0.014562 seconds to synchronously load lazily loaded font '../../../Engine/Content/Editor/Slate/Fonts/FontAwesome.ttf' (139K)
[2018.06.21-19.22.14:951][  0]LogRenderer: Reallocating scene render targets to support 1208x576 Format 10 NumSamples 1 (Frame:1).
[2018.06.21-19.22.15:078][  0]LogContentBrowser: Native class hierarchy updated for 'HierarchicalLODOutliner' in 0.0002 seconds. Added 0 classes and 0 folders.
[2018.06.21-19.22.15:078][  0]LogLoad: (Engine Initialization) Total time: 10.44 seconds
[2018.06.21-19.22.15:078][  0]LogLoad: (Engine Initialization) Total Blueprint compile time: 0.00 seconds
[2018.06.21-19.22.15:451][  0]LogContentStreaming: Texture pool size now 1000 MB
[2018.06.21-19.22.15:582][  0]LogSlate: Took 0.008733 seconds to synchronously load lazily loaded font '../../../Engine/Content/Slate/Fonts/Roboto-Light.ttf' (167K)
[2018.06.21-19.22.15:767][  1]LogAssetRegistry: Asset discovery search completed in 7.1510 seconds
[2018.06.21-19.22.15:769][  1]LogCollectionManager: Rebuilt the object cache for 0 collections in 0.000000 seconds (found 0 objects)
[2018.06.21-19.22.15:769][  1]LogCollectionManager: Fixed up redirectors for 0 collections in 0.000050 seconds (updated 0 objects)
[2018.06.21-19.22.16:422][  3]LogSlate: Took 0.000199 seconds to synchronously load lazily loaded font '../../../Engine/Content/Slate/Fonts/Roboto-Light.ttf' (167K)
[2018.06.21-19.22.52:081][110]LogSlate: FSceneViewport::OnFocusLost() reason 0
[2018.06.21-19.22.52:161][110]LogUObjectGlobals: Created PersistentFrame Addr=0x000002a99b1e4c70, Size=72, Default__FirstPerson_AnimBP_C Function /Game/FirstPerson/Animations/FirstPerson_AnimBP.FirstPerson_AnimBP_C:ExecuteUbergraph_FirstPerson_AnimBP
[2018.06.21-19.22.52:169][110]LogUObjectGlobals: Destroyed PersistentFrame Addr=0x000002a99b1e4c70, Size=72
[2018.06.21-19.22.52:169][110]LogUObjectGlobals: Created PersistentFrame Addr=0x000002a9ad1578d0, Size=72, Default__FirstPerson_AnimBP_C Function /Engine/Transient.REINST_FirstPerson_AnimBP_C_0:ExecuteUbergraph_FirstPerson_AnimBP
[2018.06.21-19.22.52:176][110]LogUObjectGlobals: Created PersistentFrame Addr=0x000002a9ad0e3dd0, Size=72, Default__FirstPerson_AnimBP_C Function /Game/FirstPerson/Animations/FirstPerson_AnimBP.FirstPerson_AnimBP_C:ExecuteUbergraph_FirstPerson_AnimBP
[2018.06.21-19.22.52:210][110]LogUObjectGlobals: Created PersistentFrame Addr=0x000002a9ad0f3200, Size=256, Default__FirstPersonProjectile_C Function /Game/FirstPersonBP/Blueprints/FirstPersonProjectile.FirstPersonProjectile_C:ExecuteUbergraph_FirstPersonProjectile
[2018.06.21-19.22.52:214][110]LogUObjectGlobals: Destroyed PersistentFrame Addr=0x000002a9ad0f3200, Size=256
[2018.06.21-19.22.52:214][110]LogUObjectGlobals: Created PersistentFrame Addr=0x000002a9ad0f3200, Size=256, Default__FirstPersonProjectile_C Function /Engine/Transient.REINST_FirstPersonProjectile_C_9:ExecuteUbergraph_FirstPersonProjectile
[2018.06.21-19.22.52:216][110]LogUObjectGlobals: Created PersistentFrame Addr=0x000002a9ad0f0b00, Size=256, Default__FirstPersonProjectile_C Function /Game/FirstPersonBP/Blueprints/FirstPersonProjectile.FirstPersonProjectile_C:ExecuteUbergraph_FirstPersonProjectile
[2018.06.21-19.22.53:106][110]LogUObjectGlobals: Created PersistentFrame Addr=0x000002a9acd28d00, Size=672, Default__FirstPersonCharacter_C Function /Game/FirstPersonBP/Blueprints/FirstPersonCharacter.FirstPersonCharacter_C:ExecuteUbergraph_FirstPersonCharacter
[2018.06.21-19.22.53:132][110]LogUObjectGlobals: Destroyed PersistentFrame Addr=0x000002a9acd28d00, Size=672
[2018.06.21-19.22.53:133][110]LogUObjectGlobals: Created PersistentFrame Addr=0x000002a990505f00, Size=672, Default__FirstPersonCharacter_C Function /Engine/Transient.REINST_FirstPersonCharacter_C_12:ExecuteUbergraph_FirstPersonCharacter
[2018.06.21-19.22.53:147][110]LogUObjectGlobals: Created PersistentFrame Addr=0x000002a990505300, Size=672, Default__FirstPersonCharacter_C Function /Game/FirstPersonBP/Blueprints/FirstPersonCharacter.FirstPersonCharacter_C:ExecuteUbergraph_FirstPersonCharacter
[2018.06.21-19.22.53:554][110]LogSkeletalMesh: Skeletal Mesh found in DDC [18.683277ms] /Game/FirstPerson/FPWeapon/Mesh/SK_FPGun.SK_FPGun
[2018.06.21-19.22.53:666][110]LogSkeletalMesh: Skeletal Mesh found in DDC [15.254751ms] /Game/FirstPerson/Character/Mesh/SK_Mannequin_Arms.SK_Mannequin_Arms
[2018.06.21-19.22.54:001][110]LogContentBrowser: Native class hierarchy updated for 'BlueprintGraph' in 0.0006 seconds. Added 116 classes and 0 folders.
[2018.06.21-19.22.54:281][110]LogUObjectGlobals: Created PersistentFrame Addr=0x000002a9a8eaa578, Size=4, Default__SKEL_PROTO_BP_AnimBlueprint_0_C Function /Engine/Transient.SKEL_PROTO_BP_AnimBlueprint_0_C:ExecuteUbergraph_PROTO_BP_AnimBlueprint_0
[2018.06.21-19.22.54:282][110]LogUObjectGlobals: Created PersistentFrame Addr=0x000002a9a8eaa570, Size=4, Default__PROTO_BP_AnimBlueprint_0_C Function /Engine/Transient.PROTO_BP_AnimBlueprint_0_C:ExecuteUbergraph_PROTO_BP_AnimBlueprint_0
[2018.06.21-19.22.55:331][110]LogSlate: Took 0.008016 seconds to synchronously load lazily loaded font '../../../Engine/Content/Slate/Fonts/Roboto-BoldCondensed.ttf' (158K)
[2018.06.21-19.24.02:010][674]LogConsoleManager: Warning: Performance warning: Console object named 'r.DebugSafeZone.Mode' shows many (500) FindConsoleObject() calls (consider caching e.g. using static)
[2018.06.21-19.24.05:005][984]LogSlate: Took 0.004193 seconds to synchronously load lazily loaded font '../../../Engine/Content/Slate/Fonts/Roboto-Italic.ttf' (157K)
[2018.06.21-19.33.14:041][261]LogUObjectGlobals: Created PersistentFrame Addr=0x000002a9c436a948, Size=4, Default__SKEL_FirstPersonCharacter_C Function /Game/FirstPersonBP/Blueprints/FirstPersonCharacter.SKEL_FirstPersonCharacter_C:ExecuteUbergraph_FirstPersonCharacter
[2018.06.21-19.33.18:683][711]LogUObjectGlobals: Destroyed PersistentFrame Addr=0x000002a9c436a948, Size=4
[2018.06.21-19.33.18:683][711]LogUObjectGlobals: Created PersistentFrame Addr=0x000002a98512cde0, Size=4, Default__SKEL_FirstPersonCharacter_C Function /Engine/Transient.REINST_SKEL_FirstPersonCharacter_C_30:ExecuteUbergraph_FirstPersonCharacter
[2018.06.21-19.33.18:687][711]LogUObjectGlobals: Created PersistentFrame Addr=0x000002a98512f6e0, Size=4, Default__SKEL_FirstPersonCharacter_C Function /Game/FirstPersonBP/Blueprints/FirstPersonCharacter.SKEL_FirstPersonCharacter_C:ExecuteUbergraph_FirstPersonCharacter
[2018.06.21-19.33.19:394][761]LogSlate: Took 0.004781 seconds to synchronously load lazily loaded font '../../../Engine/Content/Slate/Fonts/Roboto-BoldCondensedItalic.ttf' (160K)
[2018.06.21-19.33.21:789][986]LogUObjectGlobals: Destroyed PersistentFrame Addr=0x000002a98512f6e0, Size=4
[2018.06.21-19.33.21:789][986]LogUObjectGlobals: Created PersistentFrame Addr=0x000002a9c4a35518, Size=4, Default__SKEL_FirstPersonCharacter_C Function /Engine/Transient.REINST_SKEL_FirstPersonCharacter_C_32:ExecuteUbergraph_FirstPersonCharacter
[2018.06.21-19.33.21:794][986]LogUObjectGlobals: Created PersistentFrame Addr=0x000002a9c4a37dd0, Size=4, Default__SKEL_FirstPersonCharacter_C Function /Game/FirstPersonBP/Blueprints/FirstPersonCharacter.SKEL_FirstPersonCharacter_C:ExecuteUbergraph_FirstPersonCharacter
[2018.06.21-19.33.39:157][670]BlueprintLog: New page: Compile FirstPersonCharacter
[2018.06.21-19.33.39:177][670]LogUObjectGlobals: Destroyed PersistentFrame Addr=0x000002a9c4a37dd0, Size=4
[2018.06.21-19.33.39:177][670]LogUObjectGlobals: Created PersistentFrame Addr=0x000002a98512f9b0, Size=4, Default__SKEL_FirstPersonCharacter_C Function /Engine/Transient.REINST_SKEL_FirstPersonCharacter_C_34:ExecuteUbergraph_FirstPersonCharacter
[2018.06.21-19.33.39:199][670]LogUObjectGlobals: Destroyed PersistentFrame Addr=0x000002a990505300, Size=672
[2018.06.21-19.33.39:199][670]LogUObjectGlobals: Created PersistentFrame Addr=0x000002a9b6191f00, Size=672, FirstPersonCharacter_C_31 Function /Engine/Transient.REINST_FirstPersonCharacter_C_37:ExecuteUbergraph_FirstPersonCharacter
[2018.06.21-19.33.39:208][670]LogUObjectGlobals: Created PersistentFrame Addr=0x000002a990507d00, Size=672, Default__FirstPersonCharacter_C Function /Game/FirstPersonBP/Blueprints/FirstPersonCharacter.FirstPersonCharacter_C:ExecuteUbergraph_FirstPersonCharacter
[2018.06.21-19.33.39:389][670]LogUObjectGlobals: Destroyed PersistentFrame Addr=0x000002a9ad1578d0, Size=72
[2018.06.21-19.33.39:389][670]LogUObjectGlobals: Destroyed PersistentFrame Addr=0x000002a9ad0f3200, Size=256
[2018.06.21-19.33.39:389][670]LogUObjectGlobals: Destroyed PersistentFrame Addr=0x000002a990505f00, Size=672
[2018.06.21-19.33.39:390][670]LogUObjectGlobals: Destroyed PersistentFrame Addr=0x000002a98512f9b0, Size=4
[2018.06.21-19.33.56:857][214]LogUObjectGlobals: Created PersistentFrame Addr=0x000002a9fea48c78, Size=4, Default__SKEL_FirstPersonCharacter_C Function /Game/FirstPersonBP/Blueprints/FirstPersonCharacter.SKEL_FirstPersonCharacter_C:ExecuteUbergraph_FirstPersonCharacter
[2018.06.21-19.34.02:024][708]LogUObjectGlobals: Destroyed PersistentFrame Addr=0x000002a9fea48c78, Size=4
[2018.06.21-19.34.02:024][708]LogUObjectGlobals: Created PersistentFrame Addr=0x000002a9978c21d0, Size=4, Default__SKEL_FirstPersonCharacter_C Function /Engine/Transient.REINST_SKEL_FirstPersonCharacter_C_41:ExecuteUbergraph_FirstPersonCharacter
[2018.06.21-19.34.02:028][708]LogUObjectGlobals: Created PersistentFrame Addr=0x000002a9978c1f50, Size=4, Default__SKEL_FirstPersonCharacter_C Function /Game/FirstPersonBP/Blueprints/FirstPersonCharacter.SKEL_FirstPersonCharacter_C:ExecuteUbergraph_FirstPersonCharacter
[2018.06.21-19.34.05:717][ 36]BlueprintLog: New page: Compile FirstPersonCharacter
[2018.06.21-19.34.05:736][ 36]LogUObjectGlobals: Destroyed PersistentFrame Addr=0x000002a9978c1f50, Size=4
[2018.06.21-19.34.05:736][ 36]LogUObjectGlobals: Created PersistentFrame Addr=0x000002a9c4a358e8, Size=4, Default__SKEL_FirstPersonCharacter_C Function /Engine/Transient.REINST_SKEL_FirstPersonCharacter_C_43:ExecuteUbergraph_FirstPersonCharacter
[2018.06.21-19.34.05:755][ 36]LogUObjectGlobals: Destroyed PersistentFrame Addr=0x000002a990507d00, Size=672
[2018.06.21-19.34.05:755][ 36]LogUObjectGlobals: Created PersistentFrame Addr=0x000002a985b56800, Size=672, Default__FirstPersonCharacter_C Function /Engine/Transient.REINST_FirstPersonCharacter_C_46:ExecuteUbergraph_FirstPersonCharacter
[2018.06.21-19.34.05:763][ 36]LogUObjectGlobals: Created PersistentFrame Addr=0x000002a985b55c00, Size=672, Default__FirstPersonCharacter_C Function /Game/FirstPersonBP/Blueprints/FirstPersonCharacter.FirstPersonCharacter_C:ExecuteUbergraph_FirstPersonCharacter
[2018.06.21-19.34.05:935][ 36]LogUObjectGlobals: Destroyed PersistentFrame Addr=0x000002a9c4a358e8, Size=4
[2018.06.21-19.35.44:245][695]LogUObjectGlobals: Created PersistentFrame Addr=0x000002a9c4a35260, Size=4, Default__SKEL_FirstPersonCharacter_C Function /Game/FirstPersonBP/Blueprints/FirstPersonCharacter.SKEL_FirstPersonCharacter_C:ExecuteUbergraph_FirstPersonCharacter
[2018.06.21-19.35.46:136][849]LogUObjectGlobals: Destroyed PersistentFrame Addr=0x000002a9c4a35260, Size=4
[2018.06.21-19.35.46:136][849]LogUObjectGlobals: Created PersistentFrame Addr=0x000002a9978c3910, Size=4, Default__SKEL_FirstPersonCharacter_C Function /Engine/Transient.REINST_SKEL_FirstPersonCharacter_C_50:ExecuteUbergraph_FirstPersonCharacter
[2018.06.21-19.35.46:140][849]LogUObjectGlobals: Created PersistentFrame Addr=0x000002a9978c3ea8, Size=4, Default__SKEL_FirstPersonCharacter_C Function /Game/FirstPersonBP/Blueprints/FirstPersonCharacter.SKEL_FirstPersonCharacter_C:ExecuteUbergraph_FirstPersonCharacter
[2018.06.21-19.35.47:829][981]LogUObjectGlobals: Destroyed PersistentFrame Addr=0x000002a9978c3ea8, Size=4
[2018.06.21-19.35.47:829][981]LogUObjectGlobals: Created PersistentFrame Addr=0x000002a990560638, Size=4, Default__SKEL_FirstPersonCharacter_C Function /Engine/Transient.REINST_SKEL_FirstPersonCharacter_C_52:ExecuteUbergraph_FirstPersonCharacter
[2018.06.21-19.35.47:833][981]LogUObjectGlobals: Created PersistentFrame Addr=0x000002a990560c70, Size=4, Default__SKEL_FirstPersonCharacter_C Function /Game/FirstPersonBP/Blueprints/FirstPersonCharacter.SKEL_FirstPersonCharacter_C:ExecuteUbergraph_FirstPersonCharacter
[2018.06.21-19.35.49:619][128]LogUObjectGlobals: Destroyed PersistentFrame Addr=0x000002a990560c70, Size=4
[2018.06.21-19.35.49:620][128]LogUObjectGlobals: Created PersistentFrame Addr=0x000002a98512c1f8, Size=4, Default__SKEL_FirstPersonCharacter_C Function /Engine/Transient.REINST_SKEL_FirstPersonCharacter_C_54:ExecuteUbergraph_FirstPersonCharacter
[2018.06.21-19.35.49:624][128]LogUObjectGlobals: Created PersistentFrame Addr=0x000002a98512d1f0, Size=4, Default__SKEL_FirstPersonCharacter_C Function /Game/FirstPersonBP/Blueprints/FirstPersonCharacter.SKEL_FirstPersonCharacter_C:ExecuteUbergraph_FirstPersonCharacter
[2018.06.21-19.35.50:475][189]BlueprintLog: New page: Compile FirstPersonCharacter
[2018.06.21-19.35.50:494][189]LogUObjectGlobals: Destroyed PersistentFrame Addr=0x000002a98512d1f0, Size=4
[2018.06.21-19.35.50:494][189]LogUObjectGlobals: Created PersistentFrame Addr=0x000002a9fea48c70, Size=4, Default__SKEL_FirstPersonCharacter_C Function /Engine/Transient.REINST_SKEL_FirstPersonCharacter_C_56:ExecuteUbergraph_FirstPersonCharacter
[2018.06.21-19.35.50:516][189]LogUObjectGlobals: Destroyed PersistentFrame Addr=0x000002a985b55c00, Size=672
[2018.06.21-19.35.50:517][189]LogUObjectGlobals: Created PersistentFrame Addr=0x000002aa0e6bd000, Size=672, FirstPersonCharacter_C_212 Function /Engine/Transient.REINST_FirstPersonCharacter_C_59:ExecuteUbergraph_FirstPersonCharacter
[2018.06.21-19.35.50:525][189]LogUObjectGlobals: Created PersistentFrame Addr=0x000002aa0a6d6200, Size=672, Default__FirstPersonCharacter_C Function /Game/FirstPersonBP/Blueprints/FirstPersonCharacter.FirstPersonCharacter_C:ExecuteUbergraph_FirstPersonCharacter
[2018.06.21-19.35.50:705][189]LogUObjectGlobals: Destroyed PersistentFrame Addr=0x000002a9fea48c70, Size=4
[2018.06.21-19.35.56:453][747]LogRenderer: Reallocating scene render targets to support 1208x900 Format 10 NumSamples 1 (Frame:1).
[2018.06.21-19.36.17:484][123]BlueprintLog: New page: Compile HUD
[2018.06.21-19.36.17:493][123]LogBlueprint: Error: [Compiler HUD] In use pin  Life  no longer exists on node  Get . Please refresh node or break links to remove pin.
[2018.06.21-19.36.17:493][123]LogBlueprint: Error: [Compiler HUD] In use pin  Life Max  no longer exists on node  Get . Please refresh node or break links to remove pin.
[2018.06.21-19.36.17:493][123]LogBlueprint: Error: [Compiler HUD] Binding: Property ' Percent Delegate ' on Widget ' ProgressBar_life ': Binding: 'Get_ProgressBar_life_Percent_0' : 'Get_ProgressBar_life_Percent_0' was not found on 'HUD'.
[2018.06.21-19.36.17:555][123]LogBlueprint: Warning: [Compiler HUD] [0852,92] Compile of HUD failed. 3 Fatal Issue(s) 0 Warning(s) [in 71 ms] (/Game/UI/HUD.HUD)
[2018.06.21-19.37.30:807][132]LogFileHelpers: Editor autosave (incl. sublevels) for '/Game/Maps/Menu_Main' took 0.026
[2018.06.21-19.37.30:809][132]OBJ SavePackage: Generating thumbnails for [1] asset(s) in package [/Game/FirstPersonBP/Blueprints/FirstPersonCharacter] ([1] browsable assets)...
[2018.06.21-19.37.30:871][132]OBJ SavePackage:     Rendered thumbnail for [Blueprint /Game/FirstPersonBP/Blueprints/FirstPersonCharacter.FirstPersonCharacter]
[2018.06.21-19.37.30:871][132]OBJ SavePackage: Finished generating thumbnails for package [/Game/FirstPersonBP/Blueprints/FirstPersonCharacter]
[2018.06.21-19.37.30:956][132]LogSavePackage: Save=73.85ms
[2018.06.21-19.37.30:957][132]LogSavePackage: Moving 'C:/Users/ad515/Documents/Unreal Projects/InfinityKingdom/Saved/FirstPersonCharacter_Auto1608AC59B448E04A991252C9098D012C7.tmp' to 'C:/Users/ad515/Documents/Unreal Projects/InfinityKingdom/Saved/Autosaves/Game/FirstPersonBP/Blueprints/FirstPersonCharacter_Auto1.uasset'
[2018.06.21-19.37.30:960][132]LogSavePackage: Display: Finished SavePackage C:/Users/ad515/Documents/Unreal Projects/InfinityKingdom/Saved/Autosaves/Game/FirstPersonBP/Blueprints/FirstPersonCharacter_Auto1.uasset
[2018.06.21-19.37.30:961][132]OBJ SavePackage: Generating thumbnails for [0] asset(s) in package [/Game/UI/HUD] ([1] browsable assets)...
[2018.06.21-19.37.30:961][132]OBJ SavePackage: Finished generating thumbnails for package [/Game/UI/HUD]
[2018.06.21-19.37.30:961][132]Cmd: OBJ SAVEPACKAGE PACKAGE="/Game/UI/HUD" FILE="C:/Users/ad515/Documents/Unreal Projects/InfinityKingdom/Saved/Autosaves/Game/UI/HUD_Auto1.uasset" SILENT=false AUTOSAVING=true
[2018.06.21-19.37.30:985][132]LogSavePackage: Save=14.30ms
[2018.06.21-19.37.30:985][132]LogSavePackage: Moving 'C:/Users/ad515/Documents/Unreal Projects/InfinityKingdom/Saved/HUD_Auto1CC209D9B4B7EC0203FB40FA915D89D08.tmp' to 'C:/Users/ad515/Documents/Unreal Projects/InfinityKingdom/Saved/Autosaves/Game/UI/HUD_Auto1.uasset'
[2018.06.21-19.37.30:988][132]LogSavePackage: Display: Finished SavePackage C:/Users/ad515/Documents/Unreal Projects/InfinityKingdom/Saved/Autosaves/Game/UI/HUD_Auto1.uasset
[2018.06.21-19.37.30:988][132]LogFileHelpers: Auto-saving content packages took 0.180
[2018.06.21-19.40.32:345][995]BlueprintLog: New page: Compile HUD
[2018.06.21-19.40.35:237][277]BlueprintLog: New page: Compile HUD
[2018.06.21-19.41.38:921][148]Cmd: OBJ SAVEPACKAGE PACKAGE="/Game/UI/HUD" FILE="C:/Users/ad515/Documents/Unreal Projects/InfinityKingdom/Content/UI/HUD.uasset" SILENT=true
[2018.06.21-19.41.38:951][148]LogSavePackage: Save=23.35ms
[2018.06.21-19.41.38:951][148]LogSavePackage: Moving 'C:/Users/ad515/Documents/Unreal Projects/InfinityKingdom/Saved/HUD9B6C106740EDE84C17C30891FA750D54.tmp' to 'C:/Users/ad515/Documents/Unreal Projects/InfinityKingdom/Content/UI/HUD.uasset'
[2018.06.21-19.41.38:960][148]LogSavePackage: Display: Finished SavePackage C:/Users/ad515/Documents/Unreal Projects/InfinityKingdom/Content/UI/HUD.uasset
[2018.06.21-19.42.31:352][766]LogTemp: Repeating last play command: Selected Viewport
[2018.06.21-19.42.31:392][766]LogBlueprintUserMessages: Early PlayInEditor Detection: Level '/Game/Maps/Menu_Main.Menu_Main:PersistentLevel' has LevelScriptBlueprint '/Game/Maps/Menu_Main.Menu_Main:PersistentLevel.Menu_Main' with GeneratedClass '/Game/Maps/Menu_Main.Menu_Main_C' with ClassGeneratedBy '/Game/Maps/Menu_Main.Menu_Main:PersistentLevel.Menu_Main'
[2018.06.21-19.42.31:392][766]BlueprintLog: New page: Pre-Play auto-recompile
[2018.06.21-19.42.31:400][766]LogPlayLevel: [PlayLevel] Compiling FirstPersonCharacter before play...
[2018.06.21-19.42.31:420][766]LogPlayLevel: [PlayLevel]   Compiling HUD as a dependent...
[2018.06.21-19.42.31:424][766]LogUObjectGlobals: Destroyed PersistentFrame Addr=0x000002aa0a6d6200, Size=672
[2018.06.21-19.42.31:424][766]LogUObjectGlobals: Created PersistentFrame Addr=0x000002aa27190d00, Size=672, FirstPersonCharacter_C_344 Function /Engine/Transient.REINST_FirstPersonCharacter_C_82:ExecuteUbergraph_FirstPersonCharacter
[2018.06.21-19.42.31:435][766]LogUObjectGlobals: Created PersistentFrame Addr=0x000002aa0a6d7400, Size=672, Default__FirstPersonCharacter_C Function /Game/FirstPersonBP/Blueprints/FirstPersonCharacter.FirstPersonCharacter_C:ExecuteUbergraph_FirstPersonCharacter
[2018.06.21-19.42.31:745][766]LogPlayLevel: PlayLevel: Blueprint regeneration took 353 ms (2 blueprints)
[2018.06.21-19.42.31:746][766]PIE: New page: PIE session: Menu_Main (21 juin 2018 23:42:31)
[2018.06.21-19.42.31:746][766]LogPlayLevel: Creating play world package: /Game/Maps/UEDPIE_0_Menu_Main
[2018.06.21-19.42.31:747][766]LogPlayLevel: PIE: StaticDuplicateObject took: (0.000847s)
[2018.06.21-19.42.31:747][766]LogAIModule: Creating AISystem for world Menu_Main
[2018.06.21-19.42.31:748][766]LogPlayLevel: PIE: World Init took: (0.000994s)
[2018.06.21-19.42.31:748][766]LogPlayLevel: PIE: Created PIE world by copying editor world from /Game/Maps/Menu_Main.Menu_Main to /Game/Maps/UEDPIE_0_Menu_Main.Menu_Main (0.001962s)
[2018.06.21-19.42.31:823][766]LogLoad: Game class is 'GameMode'
[2018.06.21-19.42.31:823][766]LogWorld: Bringing World /Game/Maps/UEDPIE_0_Menu_Main.Menu_Main up for play (max tick rate 0) at 2018.06.21-21.42.31
[2018.06.21-19.42.31:823][766]LogWorld: Bringing up level for play took: 0.000382
[2018.06.21-19.42.31:824][766]LogGameMode: FindPlayerStart: PATHS NOT DEFINED or NO PLAYERSTART with positive rating
[2018.06.21-19.42.31:829][766]LogContentBrowser: Native class hierarchy updated for 'MovieSceneCapture' in 0.0003 seconds. Added 11 classes and 0 folders.
[2018.06.21-19.42.31:829][766]LogGameMode: Display: Match State Changed from EnteringMap to WaitingToStart
[2018.06.21-19.42.31:829][766]LogGameState: Match State Changed from EnteringMap to WaitingToStart
[2018.06.21-19.42.31:829][766]LogGameMode: Display: Match State Changed from WaitingToStart to InProgress
[2018.06.21-19.42.31:831][766]LogGameState: Match State Changed from WaitingToStart to InProgress
[2018.06.21-19.42.31:834][766]PIE: Play in editor start time for /Game/Maps/UEDPIE_0_Menu_Main -0,175
[2018.06.21-19.42.31:835][766]LogBlueprintUserMessages: Late PlayInEditor Detection: Level '/Game/Maps/Menu_Main.Menu_Main:PersistentLevel' has LevelScriptBlueprint '/Game/Maps/Menu_Main.Menu_Main:PersistentLevel.Menu_Main' with GeneratedClass '/Game/Maps/Menu_Main.Menu_Main_C' with ClassGeneratedBy '/Game/Maps/Menu_Main.Menu_Main:PersistentLevel.Menu_Main'
[2018.06.21-19.42.31:878][766]LogRenderer: Reallocating scene render targets to support 1292x900 Format 10 NumSamples 1 (Frame:1).
[2018.06.21-19.42.35:410][ 90]LogGameMode: Display: Match State Changed from InProgress to LeavingMap
[2018.06.21-19.42.35:410][ 90]LogGameState: Match State Changed from InProgress to LeavingMap
[2018.06.21-19.42.35:410][ 90]LogNet: Browse: /Game/Maps/TestMap
[2018.06.21-19.42.35:410][ 90]LogLoad: LoadMap: /Game/Maps/TestMap
[2018.06.21-19.42.36:921][ 90]LogAIModule: Creating AISystem for world TestMap
[2018.06.21-19.42.37:031][ 90]LogUObjectGlobals: Created PersistentFrame Addr=0x000002a9c9e07f20, Size=52, Default__FirstPersonHUD_C Function /Game/FirstPersonBP/Blueprints/FirstPersonHUD.FirstPersonHUD_C:ExecuteUbergraph_FirstPersonHUD
[2018.06.21-19.42.37:034][ 90]LogUObjectGlobals: Destroyed PersistentFrame Addr=0x000002a9c9e07f20, Size=52
[2018.06.21-19.42.37:034][ 90]LogUObjectGlobals: Created PersistentFrame Addr=0x000002a9c9e07f20, Size=52, Default__FirstPersonHUD_C Function /Engine/Transient.REINST_FirstPersonHUD_C_87:ExecuteUbergraph_FirstPersonHUD
[2018.06.21-19.42.37:036][ 90]LogUObjectGlobals: Created PersistentFrame Addr=0x000002a9c9e07900, Size=52, Default__FirstPersonHUD_C Function /Game/FirstPersonBP/Blueprints/FirstPersonHUD.FirstPersonHUD_C:ExecuteUbergraph_FirstPersonHUD
[2018.06.21-19.42.37:049][ 90]LogLoad: Game class is 'FirstPersonGameMode_C'
[2018.06.21-19.42.37:051][ 90]LogWorld: Bringing World /Game/Maps/UEDPIE_0_TestMap.TestMap up for play (max tick rate 0) at 2018.06.21-21.42.37
[2018.06.21-19.42.37:051][ 90]LogWorld: Bringing up level for play took: 0.001241
[2018.06.21-19.42.37:054][ 90]LogLoad: Took 1.644009 seconds to LoadMap(/Game/Maps/TestMap)
[2018.06.21-19.42.39:567][306]LogBlueprintUserMessages: Early EndPlayMap Detection: Level '/Game/Maps/Menu_Main.Menu_Main:PersistentLevel' has LevelScriptBlueprint '/Game/Maps/Menu_Main.Menu_Main:PersistentLevel.Menu_Main' with GeneratedClass '/Game/Maps/Menu_Main.Menu_Main_C' with ClassGeneratedBy '/Game/Maps/Menu_Main.Menu_Main:PersistentLevel.Menu_Main'
[2018.06.21-19.42.39:586][306]LogSlate: Window 'InfinityKingdom Game Preview Standalone (64-bit/PCD3D_SM5)' being destroyed
[2018.06.21-19.42.39:619][306]LogBlueprintUserMessages: Late EndPlayMap Detection: Level '/Game/Maps/Menu_Main.Menu_Main:PersistentLevel' has LevelScriptBlueprint '/Game/Maps/Menu_Main.Menu_Main:PersistentLevel.Menu_Main' with GeneratedClass '/Game/Maps/Menu_Main.Menu_Main_C' with ClassGeneratedBy '/Game/Maps/Menu_Main.Menu_Main:PersistentLevel.Menu_Main'
[2018.06.21-19.42.39:643][306]LogUObjectGlobals: Destroyed PersistentFrame Addr=0x000002a9c9e07f20, Size=52
[2018.06.21-19.44.14:489][873]LogTemp: Repeating last play command: Selected Viewport
[2018.06.21-19.44.14:517][873]LogBlueprintUserMessages: Early PlayInEditor Detection: Level '/Game/Maps/Menu_Main.Menu_Main:PersistentLevel' has LevelScriptBlueprint '/Game/Maps/Menu_Main.Menu_Main:PersistentLevel.Menu_Main' with GeneratedClass '/Game/Maps/Menu_Main.Menu_Main_C' with ClassGeneratedBy '/Game/Maps/Menu_Main.Menu_Main:PersistentLevel.Menu_Main'
[2018.06.21-19.44.14:517][873]LogPlayLevel: PlayLevel: No blueprints needed recompiling
[2018.06.21-19.44.14:517][873]PIE: New page: PIE session: Menu_Main (21 juin 2018 23:44:14)
[2018.06.21-19.44.14:517][873]LogPlayLevel: Creating play world package: /Game/Maps/UEDPIE_0_Menu_Main
[2018.06.21-19.44.14:518][873]LogPlayLevel: PIE: StaticDuplicateObject took: (0.000968s)
[2018.06.21-19.44.14:519][873]LogAIModule: Creating AISystem for world Menu_Main
[2018.06.21-19.44.14:519][873]LogPlayLevel: PIE: World Init took: (0.000738s)
[2018.06.21-19.44.14:519][873]LogPlayLevel: PIE: Created PIE world by copying editor world from /Game/Maps/Menu_Main.Menu_Main to /Game/Maps/UEDPIE_0_Menu_Main.Menu_Main (0.001818s)
[2018.06.21-19.44.14:589][873]LogLoad: Game class is 'GameMode'
[2018.06.21-19.44.14:589][873]LogWorld: Bringing World /Game/Maps/UEDPIE_0_Menu_Main.Menu_Main up for play (max tick rate 0) at 2018.06.21-21.44.14
[2018.06.21-19.44.14:590][873]LogWorld: Bringing up level for play took: 0.000483
[2018.06.21-19.44.14:590][873]LogGameMode: FindPlayerStart: PATHS NOT DEFINED or NO PLAYERSTART with positive rating
[2018.06.21-19.44.14:591][873]LogGameMode: Display: Match State Changed from EnteringMap to WaitingToStart
[2018.06.21-19.44.14:591][873]LogGameState: Match State Changed from EnteringMap to WaitingToStart
[2018.06.21-19.44.14:591][873]LogGameMode: Display: Match State Changed from WaitingToStart to InProgress
[2018.06.21-19.44.14:592][873]LogGameState: Match State Changed from WaitingToStart to InProgress
[2018.06.21-19.44.14:599][873]PIE: Play in editor start time for /Game/Maps/UEDPIE_0_Menu_Main 0,589
[2018.06.21-19.44.14:599][873]LogBlueprintUserMessages: Late PlayInEditor Detection: Level '/Game/Maps/Menu_Main.Menu_Main:PersistentLevel' has LevelScriptBlueprint '/Game/Maps/Menu_Main.Menu_Main:PersistentLevel.Menu_Main' with GeneratedClass '/Game/Maps/Menu_Main.Menu_Main_C' with ClassGeneratedBy '/Game/Maps/Menu_Main.Menu_Main:PersistentLevel.Menu_Main'
[2018.06.21-19.44.15:881][967]LogSlate: FSceneViewport::OnFocusLost() reason 0
[2018.06.21-19.44.17:592][ 98]LogGameMode: Display: Match State Changed from InProgress to LeavingMap
[2018.06.21-19.44.17:592][ 98]LogGameState: Match State Changed from InProgress to LeavingMap
[2018.06.21-19.44.17:592][ 98]LogNet: Browse: /Game/Maps/TestMap
[2018.06.21-19.44.17:592][ 98]LogLoad: LoadMap: /Game/Maps/TestMap
[2018.06.21-19.44.17:645][ 98]LogAIModule: Creating AISystem for world TestMap
[2018.06.21-19.44.17:646][ 98]LogLoad: Game class is 'FirstPersonGameMode_C'
[2018.06.21-19.44.17:647][ 98]LogWorld: Bringing World /Game/Maps/UEDPIE_0_TestMap.TestMap up for play (max tick rate 0) at 2018.06.21-21.44.17
[2018.06.21-19.44.17:647][ 98]LogWorld: Bringing up level for play took: 0.001063
[2018.06.21-19.44.17:650][ 98]LogLoad: Took 0.057258 seconds to LoadMap(/Game/Maps/TestMap)
[2018.06.21-19.44.24:280][585]LogBlueprintUserMessages: Early EndPlayMap Detection: Level '/Game/Maps/Menu_Main.Menu_Main:PersistentLevel' has LevelScriptBlueprint '/Game/Maps/Menu_Main.Menu_Main:PersistentLevel.Menu_Main' with GeneratedClass '/Game/Maps/Menu_Main.Menu_Main_C' with ClassGeneratedBy '/Game/Maps/Menu_Main.Menu_Main:PersistentLevel.Menu_Main'
[2018.06.21-19.44.24:298][585]LogSlate: Window 'InfinityKingdom Game Preview Standalone (64-bit/PCD3D_SM5)' being destroyed
[2018.06.21-19.44.24:324][585]LogBlueprintUserMessages: Late EndPlayMap Detection: Level '/Game/Maps/Menu_Main.Menu_Main:PersistentLevel' has LevelScriptBlueprint '/Game/Maps/Menu_Main.Menu_Main:PersistentLevel.Menu_Main' with GeneratedClass '/Game/Maps/Menu_Main.Menu_Main_C' with ClassGeneratedBy '/Game/Maps/Menu_Main.Menu_Main:PersistentLevel.Menu_Main'
[2018.06.21-19.47.48:909][ 49]LogFileHelpers: Editor autosave (incl. sublevels) for '/Game/Maps/Menu_Main' took 0.032
[2018.06.21-19.47.48:911][ 49]OBJ SavePackage: Generating thumbnails for [1] asset(s) in package [/Game/FirstPersonBP/Blueprints/FirstPersonCharacter] ([1] browsable assets)...
[2018.06.21-19.47.48:954][ 49]OBJ SavePackage:     Rendered thumbnail for [Blueprint /Game/FirstPersonBP/Blueprints/FirstPersonCharacter.FirstPersonCharacter]
[2018.06.21-19.47.48:954][ 49]OBJ SavePackage: Finished generating thumbnails for package [/Game/FirstPersonBP/Blueprints/FirstPersonCharacter]
[2018.06.21-19.47.49:040][ 49]LogSavePackage: Save=74.87ms
[2018.06.21-19.47.49:040][ 49]LogSavePackage: Moving 'C:/Users/ad515/Documents/Unreal Projects/InfinityKingdom/Saved/FirstPersonCharacter_Auto21B89585043FE4F88EDAF34919446B4A7.tmp' to 'C:/Users/ad515/Documents/Unreal Projects/InfinityKingdom/Saved/Autosaves/Game/FirstPersonBP/Blueprints/FirstPersonCharacter_Auto2.uasset'
[2018.06.21-19.47.49:042][ 49]LogSavePackage: Display: Finished SavePackage C:/Users/ad515/Documents/Unreal Projects/InfinityKingdom/Saved/Autosaves/Game/FirstPersonBP/Blueprints/FirstPersonCharacter_Auto2.uasset
[2018.06.21-19.47.49:043][ 49]OBJ SavePackage: Generating thumbnails for [0] asset(s) in package [/Game/UI/HUD] ([1] browsable assets)...
[2018.06.21-19.47.49:043][ 49]OBJ SavePackage: Finished generating thumbnails for package [/Game/UI/HUD]
[2018.06.21-19.47.49:043][ 49]Cmd: OBJ SAVEPACKAGE PACKAGE="/Game/UI/HUD" FILE="C:/Users/ad515/Documents/Unreal Projects/InfinityKingdom/Saved/Autosaves/Game/UI/HUD_Auto2.uasset" SILENT=false AUTOSAVING=true
[2018.06.21-19.47.49:075][ 49]LogSavePackage: Save=20.90ms
[2018.06.21-19.47.49:075][ 49]LogSavePackage: Moving 'C:/Users/ad515/Documents/Unreal Projects/InfinityKingdom/Saved/HUD_Auto2A636B4304980F8E9263140B04CA6034D.tmp' to 'C:/Users/ad515/Documents/Unreal Projects/InfinityKingdom/Saved/Autosaves/Game/UI/HUD_Auto2.uasset'
[2018.06.21-19.47.49:078][ 49]LogSavePackage: Display: Finished SavePackage C:/Users/ad515/Documents/Unreal Projects/InfinityKingdom/Saved/Autosaves/Game/UI/HUD_Auto2.uasset
[2018.06.21-19.47.49:078][ 49]LogFileHelpers: Auto-saving content packages took 0.168
[2018.06.21-22.35.11:052][884]LogD3D11RHI: Timed out while waiting for GPU to catch up. (500 ms)
